<?xml version="1.0" encoding="UTF-8"?>
<!-- Generated by org.testng.reporters.JUnitReportReporter -->
<testsuite hostname="CodeCracker" failures="0" tests="1" name="testCases.TC004_SearchProductTest" time="0.766" errors="0" timestamp="2025-01-12T15:22:56 EST" skipped="0">
  <testcase classname="testCases.TC004_SearchProductTest" name="verify_productSearch" time="0.766"/>
</testsuite> <!-- testCases.TC004_SearchProductTest -->
