<?xml version="1.0" encoding="UTF-8"?>
<!-- Generated by org.testng.reporters.JUnitReportReporter -->
<testsuite hostname="CodeCracker" failures="0" tests="1" name="testCases.TC004_SearchProductTest" time="0.954" errors="0" timestamp="2025-01-11T14:07:45 EST" skipped="0">
  <testcase classname="testCases.TC004_SearchProductTest" name="verify_productSearch" time="0.954"/>
</testsuite> <!-- testCases.TC004_SearchProductTest -->
