<?xml version="1.0" encoding="UTF-8"?>
<!-- Generated by org.testng.reporters.JUnitReportReporter -->
<testsuite hostname="CodeCracker" failures="0" tests="1" name="testCases.TC001_AccountRegistrationTest" time="2.901" errors="0" timestamp="2025-01-10T17:54:10 EST" skipped="0">
  <testcase classname="testCases.TC001_AccountRegistrationTest" name="verify_account_registration" time="2.901"/>
</testsuite> <!-- testCases.TC001_AccountRegistrationTest -->
