<?xml version="1.0" encoding="UTF-8"?>
<!-- Generated by org.testng.reporters.JUnitReportReporter -->
<testsuite hostname="CodeCracker" failures="0" tests="1" name="testCases.TC002_LoginTest" time="1.897" errors="0" timestamp="2025-01-11T14:07:45 EST" skipped="0">
  <testcase classname="testCases.TC002_LoginTest" name="verify_login" time="1.897"/>
</testsuite> <!-- testCases.TC002_LoginTest -->
