<?xml version="1.0" encoding="UTF-8"?>
<!-- Generated by org.testng.reporters.JUnitReportReporter -->
<testsuite hostname="CodeCracker" failures="0" tests="1" name="testCases.TC005_AddToCartPageTest" time="2.084" errors="0" timestamp="2025-01-12T15:22:56 EST" skipped="0">
  <testcase classname="testCases.TC005_AddToCartPageTest" name="verify_addtoCart" time="2.084"/>
</testsuite> <!-- testCases.TC005_AddToCartPageTest -->
