<?xml version="1.0" encoding="UTF-8"?>
<!-- Generated by org.testng.reporters.JUnitReportReporter -->
<testsuite hostname="CodeCracker" failures="0" tests="1" name="testCases.TC002_LoginTest" time="1.712" errors="0" timestamp="2025-01-10T14:33:12 EST" skipped="0">
  <testcase classname="testCases.TC002_LoginTest" name="verify_login" time="1.712"/>
</testsuite> <!-- testCases.TC002_LoginTest -->
